[14:21:04] [ServerMain/INFO]: Environment: Environment[sessionHost=https://sessionserver.mojang.com, servicesHost=https://api.minecraftservices.com, name=PROD]
[14:21:05] [ServerMain/INFO]: Found new data pack file/bukkit, loading it automatically
[14:21:08] [ServerMain/INFO]: No existing world data, creating new world
[14:21:12] [ServerMain/INFO]: Loaded 1174 recipes
[14:21:12] [ServerMain/INFO]: Loaded 1271 advancements
[14:21:13] [Server thread/INFO]: Starting minecraft server version 1.20.4
[14:21:13] [Server thread/INFO]: Loading properties
[14:21:13] [Server thread/INFO]: This server is running Paper version git-Paper-497 (MC: 1.20.4) (Implementing API version 1.20.4-R0.1-SNAPSHOT) (Git: d8d54d9 on ver/1.20.4)
[14:21:15] [Server thread/INFO]: Using 4 threads for Netty based IO
[14:21:15] [Server thread/INFO]: Server Ping Player Sample Count: 12
[14:21:15] [Server thread/INFO]: [ChunkTaskScheduler] Chunk system is using 1 I/O threads, 1 worker threads, and gen parallelism of 1 threads
[14:21:15] [Server thread/WARN]: [!] The timings profiler has been enabled but has been scheduled for removal from Paper in the future.
    We recommend installing the spark profiler as a replacement: https://spark.lucko.me/
    For more information please visit: https://github.com/PaperMC/Paper/issues/8948
[14:21:16] [Server thread/INFO]: Default game type: SURVIVAL
[14:21:16] [Server thread/INFO]: Generating keypair
[14:21:16] [Server thread/INFO]: Starting Minecraft server on *:25565
[14:21:16] [Server thread/INFO]: Using default channel type
[14:21:16] [Server thread/INFO]: Paper: Using Java compression from Velocity.
[14:21:16] [Server thread/INFO]: Paper: Using Java cipher from Velocity.
[14:21:16] [Server thread/INFO]: Preparing level "world"
[14:21:42] [Server thread/INFO]: Preparing start region for dimension minecraft:overworld
[14:21:42] [Server thread/INFO]: Time elapsed: 173 ms
[14:21:42] [Server thread/INFO]: Preparing start region for dimension minecraft:the_nether
[14:21:42] [Server thread/INFO]: Time elapsed: 149 ms
[14:21:42] [Server thread/INFO]: Preparing start region for dimension minecraft:the_end
[14:21:42] [Server thread/INFO]: Time elapsed: 153 ms
[14:21:42] [Server thread/INFO]: Running delayed init tasks
[14:21:42] [Server thread/INFO]: Done (29.587s)! For help, type "help"
[14:21:42] [Server thread/INFO]: *************************************************************************************
[14:21:42] [Server thread/INFO]: This is the first time you're starting this server.
[14:21:42] [Server thread/INFO]: It's recommended you read our 'Getting Started' documentation for guidance.
[14:21:42] [Server thread/INFO]: View this and more helpful information here: https://docs.papermc.io/paper/next-steps
[14:21:42] [Server thread/INFO]: *************************************************************************************
[14:21:42] [Server thread/INFO]: Timings Reset
[14:22:05] [Server thread/INFO]: Stopping the server
[14:22:05] [Server thread/INFO]: Stopping server
[14:22:05] [Server thread/INFO]: Saving players
[14:22:05] [Server thread/INFO]: Saving worlds
[14:22:05] [Server thread/INFO]: Saving chunks for level 'ServerLevel[world]'/minecraft:overworld
[14:22:05] [Server thread/INFO]: [ChunkHolderManager] Waiting 60s for chunk system to halt for world 'world'
[14:22:05] [Server thread/INFO]: [ChunkHolderManager] Halted chunk system for world 'world'
[14:22:05] [Server thread/INFO]: [ChunkHolderManager] Saving all chunkholders for world 'world'
[14:22:11] [Server thread/INFO]: [ChunkHolderManager] Saved 1521 block chunks, 1 entity chunks, 0 poi chunks in world 'world' in 5.22s
[14:22:11] [Server thread/INFO]: ThreadedAnvilChunkStorage (world): All chunks are saved
[14:22:11] [Server thread/INFO]: Saving chunks for level 'ServerLevel[world_nether]'/minecraft:the_nether
[14:22:11] [Server thread/INFO]: [ChunkHolderManager] Waiting 60s for chunk system to halt for world 'world_nether'
[14:22:11] [Server thread/INFO]: [ChunkHolderManager] Halted chunk system for world 'world_nether'
[14:22:11] [Server thread/INFO]: [ChunkHolderManager] Saving all chunkholders for world 'world_nether'
[14:22:13] [Server thread/INFO]: [ChunkHolderManager] Saved 1681 block chunks, 1 entity chunks, 0 poi chunks in world 'world_nether' in 1.98s
[14:22:14] [Server thread/INFO]: ThreadedAnvilChunkStorage (DIM-1): All chunks are saved
[14:22:14] [Server thread/INFO]: Saving chunks for level 'ServerLevel[world_the_end]'/minecraft:the_end
[14:22:14] [Server thread/INFO]: [ChunkHolderManager] Waiting 60s for chunk system to halt for world 'world_the_end'
[14:22:14] [Server thread/INFO]: [ChunkHolderManager] Halted chunk system for world 'world_the_end'
[14:22:14] [Server thread/INFO]: [ChunkHolderManager] Saving all chunkholders for world 'world_the_end'
[14:22:16] [Server thread/INFO]: [ChunkHolderManager] Saved 2025 block chunks, 1 entity chunks, 0 poi chunks in world 'world_the_end' in 1.81s
[14:22:17] [Server thread/INFO]: ThreadedAnvilChunkStorage (DIM1): All chunks are saved
[14:22:17] [Server thread/INFO]: ThreadedAnvilChunkStorage: All dimensions are saved
[14:22:17] [Server thread/INFO]: Flushing Chunk IO
[14:22:17] [Server thread/INFO]: Closing Thread Pool
[14:22:17] [Server thread/INFO]: Closing Server
